[156051] StackTrace Sanitizing stacktrace:
java.lang.IllegalStateException: Committed
	at org.mortbay.jetty.Response.resetBuffer(Response.java:994)
	at org.mortbay.jetty.Response.sendRedirect(Response.java:404)
	at javax.servlet.http.HttpServletResponseWrapper.sendRedirect(HttpServletResponseWrapper.java:136)
	at com.opensymphony.module.sitemesh.filter.PageResponseWrapper.sendRedirect(PageResponseWrapper.java:181)
	at org.codehaus.groovy.grails.web.metaclass.RedirectDynamicMethod.redirectResponse(RedirectDynamicMethod.java:171)
	at org.codehaus.groovy.grails.web.metaclass.RedirectDynamicMethod.invoke(RedirectDynamicMethod.java:153)
	at sun.reflect.NativeMethodAccessorImpl.invoke0(Native Method)
	at sun.reflect.NativeMethodAccessorImpl.invoke(NativeMethodAccessorImpl.java:39)
	at sun.reflect.DelegatingMethodAccessorImpl.invoke(DelegatingMethodAccessorImpl.java:25)
	at java.lang.reflect.Method.invoke(Method.java:585)
	at org.codehaus.groovy.reflection.CachedMethod.invoke(CachedMethod.java:86)
	at groovy.lang.MetaMethod.doMethodInvoke(MetaMethod.java:230)
	at groovy.lang.MetaClassImpl.invokeMethod(MetaClassImpl.java:912)
	at groovy.lang.ExpandoMetaClass.invokeMethod(ExpandoMetaClass.java:946)
	at groovy.lang.MetaClassImpl.invokeMethod(MetaClassImpl.java:756)
	at org.codehaus.groovy.runtime.InvokerHelper.invokePojoMethod(InvokerHelper.java:766)
	at org.codehaus.groovy.runtime.InvokerHelper.invokeMethod(InvokerHelper.java:754)
	at org.codehaus.groovy.runtime.ScriptBytecodeAdapter.invokeMethodN(ScriptBytecodeAdapter.java:170)
	at org.codehaus.groovy.grails.plugins.web.ControllersGrailsPlugin$_registerControllerMethods_closure18.doCall(ControllersGrailsPlugin.groovy:592)
	at sun.reflect.NativeMethodAccessorImpl.invoke0(Native Method)
	at sun.reflect.NativeMethodAccessorImpl.invoke(NativeMethodAccessorImpl.java:39)
	at sun.reflect.DelegatingMethodAccessorImpl.invoke(DelegatingMethodAccessorImpl.java:25)
	at java.lang.reflect.Method.invoke(Method.java:585)
	at org.codehaus.groovy.reflection.CachedMethod.invoke(CachedMethod.java:86)
	at groovy.lang.MetaMethod.doMethodInvoke(MetaMethod.java:230)
	at groovy.lang.MetaClassImpl.invokeMethod(MetaClassImpl.java:912)
	at groovy.lang.ExpandoMetaClass.invokeMethod(ExpandoMetaClass.java:946)
	at groovy.lang.MetaClassImpl.invokeMethod(MetaClassImpl.java:756)
	at groovy.lang.Closure.call(Closure.java:292)
	at org.codehaus.groovy.runtime.metaclass.ClosureMetaMethod.invoke(ClosureMetaMethod.java:72)
	at groovy.lang.MetaMethod.doMethodInvoke(MetaMethod.java:230)
	at groovy.lang.MetaClassImpl.invokeMethod(MetaClassImpl.java:912)
	at groovy.lang.ExpandoMetaClass.invokeMethod(ExpandoMetaClass.java:946)
	at groovy.lang.MetaClassImpl.invokeMethod(MetaClassImpl.java:756)
	at groovy.lang.MetaClassImpl.invokeMethod(MetaClassImpl.java:880)
	at groovy.lang.ExpandoMetaClass.invokeMethod(ExpandoMetaClass.java:946)
	at org.codehaus.groovy.runtime.ScriptBytecodeAdapter.invokeMethodOnCurrentN(ScriptBytecodeAdapter.java:78)
	at SendController$_closure2.doCall(SendController.groovy:34)
	at sun.reflect.NativeMethodAccessorImpl.invoke0(Native Method)
	at sun.reflect.NativeMethodAccessorImpl.invoke(NativeMethodAccessorImpl.java:39)
	at sun.reflect.DelegatingMethodAccessorImpl.invoke(DelegatingMethodAccessorImpl.java:25)
	at java.lang.reflect.Method.invoke(Method.java:585)
	at org.codehaus.groovy.reflection.CachedMethod.invoke(CachedMethod.java:86)
	at groovy.lang.MetaMethod.doMethodInvoke(MetaMethod.java:230)
	at groovy.lang.MetaClassImpl.invokeMethod(MetaClassImpl.java:912)
	at groovy.lang.ExpandoMetaClass.invokeMethod(ExpandoMetaClass.java:946)
	at org.codehaus.groovy.runtime.ScriptBytecodeAdapter.invokeMethodOnCurrentN(ScriptBytecodeAdapter.java:78)
	at SendController$_closure2.doCall(SendController.groovy)
	at sun.reflect.NativeMethodAccessorImpl.invoke0(Native Method)
	at sun.reflect.NativeMethodAccessorImpl.invoke(NativeMethodAccessorImpl.java:39)
	at sun.reflect.DelegatingMethodAccessorImpl.invoke(DelegatingMethodAccessorImpl.java:25)
	at java.lang.reflect.Method.invoke(Method.java:585)
	at org.codehaus.groovy.reflection.CachedMethod.invoke(CachedMethod.java:86)
	at groovy.lang.MetaMethod.doMethodInvoke(MetaMethod.java:230)
	at groovy.lang.MetaClassImpl.invokeMethod(MetaClassImpl.java:912)
	at groovy.lang.ExpandoMetaClass.invokeMethod(ExpandoMetaClass.java:946)
	at groovy.lang.MetaClassImpl.invokeMethod(MetaClassImpl.java:756)
	at groovy.lang.Closure.call(Closure.java:292)
	at groovy.lang.Closure.call(Closure.java:287)
	at org.codehaus.groovy.grails.web.servlet.mvc.SimpleGrailsControllerHelper.handleAction(SimpleGrailsControllerHelper.java:507)
	at org.codehaus.groovy.grails.web.servlet.mvc.SimpleGrailsControllerHelper.executeAction(SimpleGrailsControllerHelper.java:398)
	at org.codehaus.groovy.grails.web.servlet.mvc.SimpleGrailsControllerHelper.handleURI(SimpleGrailsControllerHelper.java:233)
	at org.codehaus.groovy.grails.web.servlet.mvc.SimpleGrailsControllerHelper.handleURI(SimpleGrailsControllerHelper.java:154)
	at org.codehaus.groovy.grails.web.servlet.mvc.SimpleGrailsController.handleRequest(SimpleGrailsController.java:88)
	at org.springframework.web.servlet.mvc.SimpleControllerHandlerAdapter.handle(SimpleControllerHandlerAdapter.java:48)
	at org.codehaus.groovy.grails.web.servlet.GrailsDispatcherServlet.doDispatch(GrailsDispatcherServlet.java:261)
	at org.springframework.web.servlet.DispatcherServlet.doService(DispatcherServlet.java:807)
	at org.springframework.web.servlet.FrameworkServlet.processRequest(FrameworkServlet.java:571)
	at org.springframework.web.servlet.FrameworkServlet.doGet(FrameworkServlet.java:501)
	at javax.servlet.http.HttpServlet.service(HttpServlet.java:707)
	at javax.servlet.http.HttpServlet.service(HttpServlet.java:820)
	at org.mortbay.jetty.servlet.ServletHolder.handle(ServletHolder.java:502)
	at org.mortbay.jetty.servlet.ServletHandler.handle(ServletHandler.java:363)
	at org.mortbay.jetty.security.SecurityHandler.handle(SecurityHandler.java:216)
	at org.mortbay.jetty.servlet.SessionHandler.handle(SessionHandler.java:181)
	at org.mortbay.jetty.handler.ContextHandler.handle(ContextHandler.java:766)
	at org.mortbay.jetty.webapp.WebAppContext.handle(WebAppContext.java:417)
	at org.mortbay.jetty.servlet.Dispatcher.forward(Dispatcher.java:334)
	at org.mortbay.jetty.servlet.Dispatcher.forward(Dispatcher.java:126)
	at org.codehaus.groovy.grails.web.util.WebUtils.forwardRequestForUrlMappingInfo(WebUtils.java:207)
	at org.codehaus.groovy.grails.web.util.WebUtils.forwardRequestForUrlMappingInfo(WebUtils.java:196)
	at org.codehaus.groovy.grails.web.mapping.filter.UrlMappingsFilter.doFilterInternal(UrlMappingsFilter.java:129)
	at org.springframework.web.filter.OncePerRequestFilter.doFilter(OncePerRequestFilter.java:76)
	at org.mortbay.jetty.servlet.ServletHandler$CachedChain.doFilter(ServletHandler.java:1115)
	at org.codehaus.groovy.grails.web.sitemesh.GrailsPageFilter.parsePage(GrailsPageFilter.java:122)
	at org.codehaus.groovy.grails.web.sitemesh.GrailsPageFilter.doFilter(GrailsPageFilter.java:85)
	at org.mortbay.jetty.servlet.ServletHandler$CachedChain.doFilter(ServletHandler.java:1115)
	at org.codehaus.groovy.grails.web.servlet.filter.GrailsReloadServletFilter.doFilterInternal(GrailsReloadServletFilter.java:101)
	at org.springframework.web.filter.OncePerRequestFilter.doFilter(OncePerRequestFilter.java:76)
	at org.mortbay.jetty.servlet.ServletHandler$CachedChain.doFilter(ServletHandler.java:1115)
	at org.codehaus.groovy.grails.web.servlet.mvc.GrailsWebRequestFilter.doFilterInternal(GrailsWebRequestFilter.java:65)
	at org.springframework.web.filter.OncePerRequestFilter.doFilter(OncePerRequestFilter.java:76)
	at org.mortbay.jetty.servlet.ServletHandler$CachedChain.doFilter(ServletHandler.java:1115)
	at org.springframework.web.filter.CharacterEncodingFilter.doFilterInternal(CharacterEncodingFilter.java:96)
	at org.springframework.web.filter.OncePerRequestFilter.doFilter(OncePerRequestFilter.java:76)
	at org.springframework.web.filter.DelegatingFilterProxy.invokeDelegate(DelegatingFilterProxy.java:236)
	at org.springframework.web.filter.DelegatingFilterProxy.doFilter(DelegatingFilterProxy.java:167)
	at org.mortbay.jetty.servlet.ServletHandler$CachedChain.doFilter(ServletHandler.java:1115)
	at org.mortbay.jetty.servlet.ServletHandler.handle(ServletHandler.java:361)
	at org.mortbay.jetty.security.SecurityHandler.handle(SecurityHandler.java:216)
	at org.mortbay.jetty.servlet.SessionHandler.handle(SessionHandler.java:181)
	at org.mortbay.jetty.handler.ContextHandler.handle(ContextHandler.java:766)
	at org.mortbay.jetty.webapp.WebAppContext.handle(WebAppContext.java:417)
	at org.mortbay.jetty.handler.HandlerWrapper.handle(HandlerWrapper.java:152)
	at org.mortbay.jetty.Server.handle(Server.java:324)
	at org.mortbay.jetty.HttpConnection.handleRequest(HttpConnection.java:534)
	at org.mortbay.jetty.HttpConnection$RequestHandler.headerComplete(HttpConnection.java:864)
	at org.mortbay.jetty.HttpParser.parseNext(HttpParser.java:533)
	at org.mortbay.jetty.HttpParser.parseAvailable(HttpParser.java:207)
	at org.mortbay.jetty.HttpConnection.handle(HttpConnection.java:403)
	at org.mortbay.io.nio.SelectChannelEndPoint.run(SelectChannelEndPoint.java:409)
	at org.mortbay.thread.QueuedThreadPool$PoolThread.run(QueuedThreadPool.java:522)
[156058] StackTrace Sanitizing stacktrace:
java.lang.IllegalStateException: Committed
	at SendController$_closure2.doCall(SendController.groovy:34)
	at SendController$_closure2.doCall(SendController.groovy)
[169337] StackTrace Sanitizing stacktrace:
java.lang.IllegalStateException: Committed
	at org.mortbay.jetty.Response.resetBuffer(Response.java:994)
	at org.mortbay.jetty.Response.sendRedirect(Response.java:404)
	at javax.servlet.http.HttpServletResponseWrapper.sendRedirect(HttpServletResponseWrapper.java:136)
	at com.opensymphony.module.sitemesh.filter.PageResponseWrapper.sendRedirect(PageResponseWrapper.java:181)
	at org.codehaus.groovy.grails.web.metaclass.RedirectDynamicMethod.redirectResponse(RedirectDynamicMethod.java:171)
	at org.codehaus.groovy.grails.web.metaclass.RedirectDynamicMethod.invoke(RedirectDynamicMethod.java:153)
	at sun.reflect.NativeMethodAccessorImpl.invoke0(Native Method)
	at sun.reflect.NativeMethodAccessorImpl.invoke(NativeMethodAccessorImpl.java:39)
	at sun.reflect.DelegatingMethodAccessorImpl.invoke(DelegatingMethodAccessorImpl.java:25)
	at java.lang.reflect.Method.invoke(Method.java:585)
	at org.codehaus.groovy.reflection.CachedMethod.invoke(CachedMethod.java:86)
	at groovy.lang.MetaMethod.doMethodInvoke(MetaMethod.java:230)
	at groovy.lang.MetaClassImpl.invokeMethod(MetaClassImpl.java:912)
	at groovy.lang.ExpandoMetaClass.invokeMethod(ExpandoMetaClass.java:946)
	at groovy.lang.MetaClassImpl.invokeMethod(MetaClassImpl.java:756)
	at org.codehaus.groovy.runtime.InvokerHelper.invokePojoMethod(InvokerHelper.java:766)
	at org.codehaus.groovy.runtime.InvokerHelper.invokeMethod(InvokerHelper.java:754)
	at org.codehaus.groovy.runtime.ScriptBytecodeAdapter.invokeMethodN(ScriptBytecodeAdapter.java:170)
	at org.codehaus.groovy.grails.plugins.web.ControllersGrailsPlugin$_registerControllerMethods_closure18.doCall(ControllersGrailsPlugin.groovy:592)
	at sun.reflect.NativeMethodAccessorImpl.invoke0(Native Method)
	at sun.reflect.NativeMethodAccessorImpl.invoke(NativeMethodAccessorImpl.java:39)
	at sun.reflect.DelegatingMethodAccessorImpl.invoke(DelegatingMethodAccessorImpl.java:25)
	at java.lang.reflect.Method.invoke(Method.java:585)
	at org.codehaus.groovy.reflection.CachedMethod.invoke(CachedMethod.java:86)
	at groovy.lang.MetaMethod.doMethodInvoke(MetaMethod.java:230)
	at groovy.lang.MetaClassImpl.invokeMethod(MetaClassImpl.java:912)
	at groovy.lang.ExpandoMetaClass.invokeMethod(ExpandoMetaClass.java:946)
	at groovy.lang.MetaClassImpl.invokeMethod(MetaClassImpl.java:756)
	at groovy.lang.Closure.call(Closure.java:292)
	at org.codehaus.groovy.runtime.metaclass.ClosureMetaMethod.invoke(ClosureMetaMethod.java:72)
	at groovy.lang.MetaMethod.doMethodInvoke(MetaMethod.java:230)
	at groovy.lang.MetaClassImpl.invokeMethod(MetaClassImpl.java:912)
	at groovy.lang.ExpandoMetaClass.invokeMethod(ExpandoMetaClass.java:946)
	at groovy.lang.MetaClassImpl.invokeMethod(MetaClassImpl.java:756)
	at groovy.lang.MetaClassImpl.invokeMethod(MetaClassImpl.java:880)
	at groovy.lang.ExpandoMetaClass.invokeMethod(ExpandoMetaClass.java:946)
	at org.codehaus.groovy.runtime.ScriptBytecodeAdapter.invokeMethodOnCurrentN(ScriptBytecodeAdapter.java:78)
	at SendController$_closure2.doCall(SendController.groovy:34)
	at sun.reflect.NativeMethodAccessorImpl.invoke0(Native Method)
	at sun.reflect.NativeMethodAccessorImpl.invoke(NativeMethodAccessorImpl.java:39)
	at sun.reflect.DelegatingMethodAccessorImpl.invoke(DelegatingMethodAccessorImpl.java:25)
	at java.lang.reflect.Method.invoke(Method.java:585)
	at org.codehaus.groovy.reflection.CachedMethod.invoke(CachedMethod.java:86)
	at groovy.lang.MetaMethod.doMethodInvoke(MetaMethod.java:230)
	at groovy.lang.MetaClassImpl.invokeMethod(MetaClassImpl.java:912)
	at groovy.lang.ExpandoMetaClass.invokeMethod(ExpandoMetaClass.java:946)
	at org.codehaus.groovy.runtime.ScriptBytecodeAdapter.invokeMethodOnCurrentN(ScriptBytecodeAdapter.java:78)
	at SendController$_closure2.doCall(SendController.groovy)
	at sun.reflect.NativeMethodAccessorImpl.invoke0(Native Method)
	at sun.reflect.NativeMethodAccessorImpl.invoke(NativeMethodAccessorImpl.java:39)
	at sun.reflect.DelegatingMethodAccessorImpl.invoke(DelegatingMethodAccessorImpl.java:25)
	at java.lang.reflect.Method.invoke(Method.java:585)
	at org.codehaus.groovy.reflection.CachedMethod.invoke(CachedMethod.java:86)
	at groovy.lang.MetaMethod.doMethodInvoke(MetaMethod.java:230)
	at groovy.lang.MetaClassImpl.invokeMethod(MetaClassImpl.java:912)
	at groovy.lang.ExpandoMetaClass.invokeMethod(ExpandoMetaClass.java:946)
	at groovy.lang.MetaClassImpl.invokeMethod(MetaClassImpl.java:756)
	at groovy.lang.Closure.call(Closure.java:292)
	at groovy.lang.Closure.call(Closure.java:287)
	at org.codehaus.groovy.grails.web.servlet.mvc.SimpleGrailsControllerHelper.handleAction(SimpleGrailsControllerHelper.java:507)
	at org.codehaus.groovy.grails.web.servlet.mvc.SimpleGrailsControllerHelper.executeAction(SimpleGrailsControllerHelper.java:398)
	at org.codehaus.groovy.grails.web.servlet.mvc.SimpleGrailsControllerHelper.handleURI(SimpleGrailsControllerHelper.java:233)
	at org.codehaus.groovy.grails.web.servlet.mvc.SimpleGrailsControllerHelper.handleURI(SimpleGrailsControllerHelper.java:154)
	at org.codehaus.groovy.grails.web.servlet.mvc.SimpleGrailsController.handleRequest(SimpleGrailsController.java:88)
	at org.springframework.web.servlet.mvc.SimpleControllerHandlerAdapter.handle(SimpleControllerHandlerAdapter.java:48)
	at org.codehaus.groovy.grails.web.servlet.GrailsDispatcherServlet.doDispatch(GrailsDispatcherServlet.java:261)
	at org.springframework.web.servlet.DispatcherServlet.doService(DispatcherServlet.java:807)
	at org.springframework.web.servlet.FrameworkServlet.processRequest(FrameworkServlet.java:571)
	at org.springframework.web.servlet.FrameworkServlet.doGet(FrameworkServlet.java:501)
	at javax.servlet.http.HttpServlet.service(HttpServlet.java:707)
	at javax.servlet.http.HttpServlet.service(HttpServlet.java:820)
	at org.mortbay.jetty.servlet.ServletHolder.handle(ServletHolder.java:502)
	at org.mortbay.jetty.servlet.ServletHandler.handle(ServletHandler.java:363)
	at org.mortbay.jetty.security.SecurityHandler.handle(SecurityHandler.java:216)
	at org.mortbay.jetty.servlet.SessionHandler.handle(SessionHandler.java:181)
	at org.mortbay.jetty.handler.ContextHandler.handle(ContextHandler.java:766)
	at org.mortbay.jetty.webapp.WebAppContext.handle(WebAppContext.java:417)
	at org.mortbay.jetty.servlet.Dispatcher.forward(Dispatcher.java:334)
	at org.mortbay.jetty.servlet.Dispatcher.forward(Dispatcher.java:126)
	at org.codehaus.groovy.grails.web.util.WebUtils.forwardRequestForUrlMappingInfo(WebUtils.java:207)
	at org.codehaus.groovy.grails.web.util.WebUtils.forwardRequestForUrlMappingInfo(WebUtils.java:196)
	at org.codehaus.groovy.grails.web.mapping.filter.UrlMappingsFilter.doFilterInternal(UrlMappingsFilter.java:129)
	at org.springframework.web.filter.OncePerRequestFilter.doFilter(OncePerRequestFilter.java:76)
	at org.mortbay.jetty.servlet.ServletHandler$CachedChain.doFilter(ServletHandler.java:1115)
	at org.codehaus.groovy.grails.web.sitemesh.GrailsPageFilter.parsePage(GrailsPageFilter.java:122)
	at org.codehaus.groovy.grails.web.sitemesh.GrailsPageFilter.doFilter(GrailsPageFilter.java:85)
	at org.mortbay.jetty.servlet.ServletHandler$CachedChain.doFilter(ServletHandler.java:1115)
	at org.codehaus.groovy.grails.web.servlet.filter.GrailsReloadServletFilter.doFilterInternal(GrailsReloadServletFilter.java:101)
	at org.springframework.web.filter.OncePerRequestFilter.doFilter(OncePerRequestFilter.java:76)
	at org.mortbay.jetty.servlet.ServletHandler$CachedChain.doFilter(ServletHandler.java:1115)
	at org.codehaus.groovy.grails.web.servlet.mvc.GrailsWebRequestFilter.doFilterInternal(GrailsWebRequestFilter.java:65)
	at org.springframework.web.filter.OncePerRequestFilter.doFilter(OncePerRequestFilter.java:76)
	at org.mortbay.jetty.servlet.ServletHandler$CachedChain.doFilter(ServletHandler.java:1115)
	at org.springframework.web.filter.CharacterEncodingFilter.doFilterInternal(CharacterEncodingFilter.java:96)
	at org.springframework.web.filter.OncePerRequestFilter.doFilter(OncePerRequestFilter.java:76)
	at org.springframework.web.filter.DelegatingFilterProxy.invokeDelegate(DelegatingFilterProxy.java:236)
	at org.springframework.web.filter.DelegatingFilterProxy.doFilter(DelegatingFilterProxy.java:167)
	at org.mortbay.jetty.servlet.ServletHandler$CachedChain.doFilter(ServletHandler.java:1115)
	at org.mortbay.jetty.servlet.ServletHandler.handle(ServletHandler.java:361)
	at org.mortbay.jetty.security.SecurityHandler.handle(SecurityHandler.java:216)
	at org.mortbay.jetty.servlet.SessionHandler.handle(SessionHandler.java:181)
	at org.mortbay.jetty.handler.ContextHandler.handle(ContextHandler.java:766)
	at org.mortbay.jetty.webapp.WebAppContext.handle(WebAppContext.java:417)
	at org.mortbay.jetty.handler.HandlerWrapper.handle(HandlerWrapper.java:152)
	at org.mortbay.jetty.Server.handle(Server.java:324)
	at org.mortbay.jetty.HttpConnection.handleRequest(HttpConnection.java:534)
	at org.mortbay.jetty.HttpConnection$RequestHandler.headerComplete(HttpConnection.java:864)
	at org.mortbay.jetty.HttpParser.parseNext(HttpParser.java:533)
	at org.mortbay.jetty.HttpParser.parseAvailable(HttpParser.java:207)
	at org.mortbay.jetty.HttpConnection.handle(HttpConnection.java:403)
	at org.mortbay.io.nio.SelectChannelEndPoint.run(SelectChannelEndPoint.java:409)
	at org.mortbay.thread.QueuedThreadPool$PoolThread.run(QueuedThreadPool.java:522)
[169339] StackTrace Sanitizing stacktrace:
java.lang.IllegalStateException: Committed
	at SendController$_closure2.doCall(SendController.groovy:34)
	at SendController$_closure2.doCall(SendController.groovy)
